# JRE version: Java(TM) SE Runtime Environment (21.0.4+8) (build 21.0.4+8-LTS-274)
# Java VM: Java HotSpot(TM) 64-Bit Server VM (21.0.4+8-LTS-274, mixed mode, sharing, tiered, compressed oops, compressed class ptrs, g1 gc, windows-amd64)
GC Precious Log:
 CardTable entry size: 512
 Card Set container configuration: InlinePtr #cards 5 size 8 Array Of Cards #cards 12 size 40 Howl #buckets 4 coarsen threshold 1843 Howl Bitmap #cards 512 size 80 coarsen threshold 460 Card regions per heap region 1 cards per card region 2048
 CPUs: 12 total, 12 available
 Memory: 8143M
 Large Page Support: Disabled
 NUMA Support: Disabled
 Compressed Oops: Enabled (32-bit)
 Heap Region Size: 1M
 Heap Min Capacity: 8M
 Heap Initial Capacity: 128M
 Heap Max Capacity: 2G
 Pre-touch: Disabled
 Parallel Workers: 10
 Concurrent Workers: 3
 Concurrent Refinement Workers: 10
 Periodic GC: Disabled
Heap:
 garbage-first heap   total 203776K, used 143204K [0x0000000080000000, 0x0000000100000000)
  region size 1024K, 15 young (15360K), 7 survivors (7168K)
 Metaspace       used 118257K, committed 120768K, reserved 557056K
  class space    used 16616K, committed 17856K, reserved 425984K
GC Heap History (20 events):
Event: 24.952 GC heap before
{Heap before GC invocations=33 (full 0):
 garbage-first heap   total 174080K, used 146314K [0x0000000080000000, 0x0000000100000000)
  region size 1024K, 57 young (58368K), 7 survivors (7168K)
 Metaspace       used 92380K, committed 94528K, reserved 557056K
  class space    used 12975K, committed 14016K, reserved 425984K
}
Event: 24.957 GC heap after
{Heap after GC invocations=34 (full 0):
 garbage-first heap   total 174080K, used 97866K [0x0000000080000000, 0x0000000100000000)
  region size 1024K, 6 young (6144K), 6 survivors (6144K)
 Metaspace       used 92380K, committed 94528K, reserved 557056K
  class space    used 12975K, committed 14016K, reserved 425984K
}
Event: 30.391 GC heap before
{Heap before GC invocations=35 (full 0):
 garbage-first heap   total 176128K, used 149066K [0x0000000080000000, 0x0000000100000000)
  region size 1024K, 56 young (57344K), 6 survivors (6144K)
 Metaspace       used 93446K, committed 95680K, reserved 557056K
  class space    used 13114K, committed 14208K, reserved 425984K
}
Event: 30.396 GC heap after
{Heap after GC invocations=36 (full 0):
 garbage-first heap   total 176128K, used 102008K [0x0000000080000000, 0x0000000100000000)
  region size 1024K, 7 young (7168K), 7 survivors (7168K)
 Metaspace       used 93446K, committed 95680K, reserved 557056K
  class space    used 13114K, committed 14208K, reserved 425984K
}
Event: 31.028 GC heap before
{Heap before GC invocations=36 (full 0):
 garbage-first heap   total 176128K, used 154232K [0x0000000080000000, 0x0000000100000000)
  region size 1024K, 58 young (59392K), 7 survivors (7168K)
 Metaspace       used 96987K, committed 99264K, reserved 557056K
  class space    used 13736K, committed 14848K, reserved 425984K
}
Event: 31.033 GC heap after
{Heap after GC invocations=37 (full 0):
 garbage-first heap   total 176128K, used 102839K [0x0000000080000000, 0x0000000100000000)
  region size 1024K, 6 young (6144K), 6 survivors (6144K)
 Metaspace       used 96987K, committed 99264K, reserved 557056K
  class space    used 13736K, committed 14848K, reserved 425984K
}
Event: 31.699 GC heap before
{Heap before GC invocations=37 (full 0):
 garbage-first heap   total 176128K, used 156087K [0x0000000080000000, 0x0000000100000000)
  region size 1024K, 58 young (59392K), 6 survivors (6144K)
 Metaspace       used 100635K, committed 102912K, reserved 557056K
  class space    used 14296K, committed 15424K, reserved 425984K
}
Event: 31.703 GC heap after
{Heap after GC invocations=38 (full 0):
 garbage-first heap   total 176128K, used 105550K [0x0000000080000000, 0x0000000100000000)
  region size 1024K, 5 young (5120K), 5 survivors (5120K)
 Metaspace       used 100635K, committed 102912K, reserved 557056K
  class space    used 14296K, committed 15424K, reserved 425984K
}
Event: 32.282 GC heap before
{Heap before GC invocations=39 (full 0):
 garbage-first heap   total 183296K, used 157774K [0x0000000080000000, 0x0000000100000000)
  region size 1024K, 57 young (58368K), 5 survivors (5120K)
 Metaspace       used 103744K, committed 106112K, reserved 557056K
  class space    used 14792K, committed 16000K, reserved 425984K
}
Event: 32.287 GC heap after
{Heap after GC invocations=40 (full 0):
 garbage-first heap   total 183296K, used 108242K [0x0000000080000000, 0x0000000100000000)
  region size 1024K, 7 young (7168K), 7 survivors (7168K)
 Metaspace       used 103744K, committed 106112K, reserved 557056K
  class space    used 14792K, committed 16000K, reserved 425984K
}
Event: 33.101 GC heap before
{Heap before GC invocations=40 (full 0):
 garbage-first heap   total 183296K, used 165586K [0x0000000080000000, 0x0000000100000000)
  region size 1024K, 63 young (64512K), 7 survivors (7168K)
 Metaspace       used 108307K, committed 110720K, reserved 557056K
  class space    used 15293K, committed 16512K, reserved 425984K
}
Event: 33.108 GC heap after
{Heap after GC invocations=41 (full 0):
 garbage-first heap   total 183296K, used 111419K [0x0000000080000000, 0x0000000100000000)
  region size 1024K, 7 young (7168K), 7 survivors (7168K)
 Metaspace       used 108307K, committed 110720K, reserved 557056K
  class space    used 15293K, committed 16512K, reserved 425984K
}
Event: 33.797 GC heap before
{Heap before GC invocations=41 (full 0):
 garbage-first heap   total 183296K, used 154427K [0x0000000080000000, 0x0000000100000000)
  region size 1024K, 51 young (52224K), 7 survivors (7168K)
 Metaspace       used 109438K, committed 111808K, reserved 557056K
  class space    used 15443K, committed 16640K, reserved 425984K
}
Event: 33.804 GC heap after
{Heap after GC invocations=42 (full 0):
 garbage-first heap   total 183296K, used 116034K [0x0000000080000000, 0x0000000100000000)
  region size 1024K, 8 young (8192K), 8 survivors (8192K)
 Metaspace       used 109438K, committed 111808K, reserved 557056K
  class space    used 15443K, committed 16640K, reserved 425984K
}
Event: 34.985 GC heap before
{Heap before GC invocations=43 (full 0):
 garbage-first heap   total 203776K, used 166210K [0x0000000080000000, 0x0000000100000000)
  region size 1024K, 54 young (55296K), 8 survivors (8192K)
 Metaspace       used 111243K, committed 113728K, reserved 557056K
  class space    used 15677K, committed 16896K, reserved 425984K
}
Event: 34.993 GC heap after
{Heap after GC invocations=44 (full 0):
 garbage-first heap   total 203776K, used 128888K [0x0000000080000000, 0x0000000100000000)
  region size 1024K, 7 young (7168K), 7 survivors (7168K)
 Metaspace       used 111243K, committed 113728K, reserved 557056K
  class space    used 15677K, committed 16896K, reserved 425984K
}
Event: 37.045 GC heap before
{Heap before GC invocations=44 (full 0):
 garbage-first heap   total 203776K, used 180088K [0x0000000080000000, 0x0000000100000000)
  region size 1024K, 57 young (58368K), 7 survivors (7168K)
 Metaspace       used 115383K, committed 117824K, reserved 557056K
  class space    used 16278K, committed 17472K, reserved 425984K
}
Event: 37.051 GC heap after
{Heap after GC invocations=45 (full 0):
 garbage-first heap   total 203776K, used 131840K [0x0000000080000000, 0x0000000100000000)
  region size 1024K, 3 young (3072K), 3 survivors (3072K)
 Metaspace       used 115383K, committed 117824K, reserved 557056K
  class space    used 16278K, committed 17472K, reserved 425984K
}
Event: 37.732 GC heap before
{Heap before GC invocations=45 (full 0):
 garbage-first heap   total 203776K, used 183040K [0x0000000080000000, 0x0000000100000000)
  region size 1024K, 53 young (54272K), 3 survivors (3072K)
 Metaspace       used 117927K, committed 120384K, reserved 557056K
  class space    used 16572K, committed 17792K, reserved 425984K
}
Event: 37.737 GC heap after
{Heap after GC invocations=46 (full 0):
 garbage-first heap   total 203776K, used 136036K [0x0000000080000000, 0x0000000100000000)
  region size 1024K, 7 young (7168K), 7 survivors (7168K)
 Metaspace       used 117927K, committed 120384K, reserved 557056K
  class space    used 16572K, committed 17792K, reserved 425984K
}

